<?xml version="1.0" encoding="UTF-8"?>
<testng-results ignored="0" total="1" passed="1" failed="0" skipped="0">
  <reporter-output>
  </reporter-output>
  <suite started-at="2025-03-05T15:43:46 IST" name="Default suite" finished-at="2025-03-05T15:45:07 IST" duration-ms="80765">
    <groups>
    </groups>
    <test started-at="2025-03-05T15:43:46 IST" name="Default test" finished-at="2025-03-05T15:45:07 IST" duration-ms="80765">
      <class name="loginHRM.AdminTest">
        <test-method signature="searchUser()[pri:0, instance:loginHRM.AdminTest@a7e2d9d]" started-at="2025-03-05T15:43:46 IST" name="searchUser" finished-at="2025-03-05T15:45:07 IST" duration-ms="80446" status="PASS">
          <reporter-output>
          </reporter-output>
        </test-method> <!-- searchUser -->
      </class> <!-- loginHRM.AdminTest -->
    </test> <!-- Default test -->
  </suite> <!-- Default suite -->
</testng-results>
